C:\USERS\ADMINISTRATOR\DESKTOP\DUI\DUIVS2012\DUILIB\BUILD\RELEASE_U\DUILIB.PCH
C:\USERS\ADMINISTRATOR\DESKTOP\DUI\DUIVS2012\DUILIB\BUILD\RELEASE_U\STDAFX.OBJ
C:\USERS\ADMINISTRATOR\DESKTOP\DUI\DUIVS2012\DUILIB\BUILD\RELEASE_U\VC110.PDB
C:\USERS\ADMINISTRATOR\DESKTOP\DUI\DUIVS2012\DUILIB\BUILD\RELEASE_U\UICOMBO.OBJ
C:\USERS\ADMINISTRATOR\DESKTOP\DUI\DUIVS2012\DUILIB\BUILD\RELEASE_U\UICHECKBOX.OBJ
C:\USERS\ADMINISTRATOR\DESKTOP\DUI\DUIVS2012\DUILIB\BUILD\RELEASE_U\UIBUTTON.OBJ
C:\USERS\ADMINISTRATOR\DESKTOP\DUI\DUIVS2012\DUILIB\BUILD\RELEASE_U\UIACTIVEX.OBJ
C:\USERS\ADMINISTRATOR\DESKTOP\DUI\DUIVS2012\DUILIB\BUILD\RELEASE_U\UIVERTICALLAYOUT.OBJ
C:\USERS\ADMINISTRATOR\DESKTOP\DUI\DUIVS2012\DUILIB\BUILD\RELEASE_U\UITILELAYOUT.OBJ
C:\USERS\ADMINISTRATOR\DESKTOP\DUI\DUIVS2012\DUILIB\BUILD\RELEASE_U\UITABLAYOUT.OBJ
C:\USERS\ADMINISTRATOR\DESKTOP\DUI\DUIVS2012\DUILIB\BUILD\RELEASE_U\UIHORIZONTALLAYOUT.OBJ
C:\USERS\ADMINISTRATOR\DESKTOP\DUI\DUIVS2012\DUILIB\BUILD\RELEASE_U\UICHILDLAYOUT.OBJ
C:\USERS\ADMINISTRATOR\DESKTOP\DUI\DUIVS2012\DUILIB\BUILD\RELEASE_U\UIRENDER.OBJ
C:\USERS\ADMINISTRATOR\DESKTOP\DUI\DUIVS2012\DUILIB\BUILD\RELEASE_U\UIMARKUP.OBJ
C:\USERS\ADMINISTRATOR\DESKTOP\DUI\DUIVS2012\DUILIB\BUILD\RELEASE_U\UIMANAGER.OBJ
C:\USERS\ADMINISTRATOR\DESKTOP\DUI\DUIVS2012\DUILIB\BUILD\RELEASE_U\UIDLGBUILDER.OBJ
C:\USERS\ADMINISTRATOR\DESKTOP\DUI\DUIVS2012\DUILIB\BUILD\RELEASE_U\UICONTROL.OBJ
C:\USERS\ADMINISTRATOR\DESKTOP\DUI\DUIVS2012\DUILIB\BUILD\RELEASE_U\UICONTAINER.OBJ
C:\USERS\ADMINISTRATOR\DESKTOP\DUI\DUIVS2012\DUILIB\BUILD\RELEASE_U\UIBASE.OBJ
C:\USERS\ADMINISTRATOR\DESKTOP\DUI\DUIVS2012\DUILIB\BUILD\RELEASE_U\UTILS.OBJ
C:\USERS\ADMINISTRATOR\DESKTOP\DUI\DUIVS2012\DUILIB\BUILD\RELEASE_U\UIDELEGATE.OBJ
C:\USERS\ADMINISTRATOR\DESKTOP\DUI\DUIVS2012\DUILIB\BUILD\RELEASE_U\WINIMPLBASE.OBJ
C:\USERS\ADMINISTRATOR\DESKTOP\DUI\DUIVS2012\DUILIB\BUILD\RELEASE_U\UILIB.OBJ
C:\USERS\ADMINISTRATOR\DESKTOP\DUI\DUIVS2012\DUILIB\BUILD\RELEASE_U\UIWEBBROWSER.OBJ
C:\USERS\ADMINISTRATOR\DESKTOP\DUI\DUIVS2012\DUILIB\BUILD\RELEASE_U\UITREEVIEW.OBJ
C:\USERS\ADMINISTRATOR\DESKTOP\DUI\DUIVS2012\DUILIB\BUILD\RELEASE_U\UITEXT.OBJ
C:\USERS\ADMINISTRATOR\DESKTOP\DUI\DUIVS2012\DUILIB\BUILD\RELEASE_U\UISLIDER.OBJ
C:\USERS\ADMINISTRATOR\DESKTOP\DUI\DUIVS2012\DUILIB\BUILD\RELEASE_U\UISCROLLBAR.OBJ
C:\USERS\ADMINISTRATOR\DESKTOP\DUI\DUIVS2012\DUILIB\BUILD\RELEASE_U\UIRICHEDIT.OBJ
C:\USERS\ADMINISTRATOR\DESKTOP\DUI\DUIVS2012\DUILIB\BUILD\RELEASE_U\UIPROGRESS.OBJ
C:\USERS\ADMINISTRATOR\DESKTOP\DUI\DUIVS2012\DUILIB\BUILD\RELEASE_U\UIOPTION.OBJ
C:\USERS\ADMINISTRATOR\DESKTOP\DUI\DUIVS2012\DUILIB\BUILD\RELEASE_U\UILIST.OBJ
C:\USERS\ADMINISTRATOR\DESKTOP\DUI\DUIVS2012\DUILIB\BUILD\RELEASE_U\UILABEL.OBJ
C:\USERS\ADMINISTRATOR\DESKTOP\DUI\DUIVS2012\DUILIB\BUILD\RELEASE_U\UIFLASH.OBJ
C:\USERS\ADMINISTRATOR\DESKTOP\DUI\DUIVS2012\DUILIB\BUILD\RELEASE_U\UIEDIT.OBJ
C:\USERS\ADMINISTRATOR\DESKTOP\DUI\DUIVS2012\DUILIB\BUILD\RELEASE_U\UIDATETIME.OBJ
C:\USERS\ADMINISTRATOR\DESKTOP\DUI\DUIVS2012\DUILIB\BUILD\RELEASE_U\UICOMBOBOX.OBJ
C:\USERS\ADMINISTRATOR\DESKTOP\DUI\DUIVS2012\DUILIB\BUILD\RELEASE_U\STB_IMAGE.OBJ
C:\USERS\ADMINISTRATOR\DESKTOP\DUI\DUIVS2012\DUILIB\BUILD\RELEASE_U\XUNZIP.OBJ
C:\Users\Administrator\Desktop\DUI\duiVS2012\Lib\DuiLib_u.lib
C:\Users\Administrator\Desktop\DUI\duiVS2012\Lib\DuiLib_u.exp
C:\USERS\ADMINISTRATOR\DESKTOP\DUI\DUIVS2012\BIN\DUILIB_U.DLL
C:\Users\Administrator\Desktop\DUI\duiVS2012\DuiLib\Build\Release_u\stb_image.obj
C:\Users\Administrator\Desktop\DUI\duiVS2012\DuiLib\Build\Release_u\StdAfx.obj
C:\Users\Administrator\Desktop\DUI\duiVS2012\DuiLib\Build\Release_u\UIActiveX.obj
C:\Users\Administrator\Desktop\DUI\duiVS2012\DuiLib\Build\Release_u\UIBase.obj
C:\Users\Administrator\Desktop\DUI\duiVS2012\DuiLib\Build\Release_u\UIButton.obj
C:\Users\Administrator\Desktop\DUI\duiVS2012\DuiLib\Build\Release_u\UICheckBox.obj
C:\Users\Administrator\Desktop\DUI\duiVS2012\DuiLib\Build\Release_u\UIChildLayout.obj
C:\Users\Administrator\Desktop\DUI\duiVS2012\DuiLib\Build\Release_u\UICombo.obj
C:\Users\Administrator\Desktop\DUI\duiVS2012\DuiLib\Build\Release_u\UIComboBox.obj
C:\Users\Administrator\Desktop\DUI\duiVS2012\DuiLib\Build\Release_u\UIContainer.obj
C:\Users\Administrator\Desktop\DUI\duiVS2012\DuiLib\Build\Release_u\UIControl.obj
C:\Users\Administrator\Desktop\DUI\duiVS2012\DuiLib\Build\Release_u\UIDateTime.obj
C:\Users\Administrator\Desktop\DUI\duiVS2012\DuiLib\Build\Release_u\UIDelegate.obj
C:\Users\Administrator\Desktop\DUI\duiVS2012\DuiLib\Build\Release_u\UIDlgBuilder.obj
C:\Users\Administrator\Desktop\DUI\duiVS2012\DuiLib\Build\Release_u\UIEdit.obj
C:\Users\Administrator\Desktop\DUI\duiVS2012\DuiLib\Build\Release_u\UIFlash.obj
C:\Users\Administrator\Desktop\DUI\duiVS2012\DuiLib\Build\Release_u\UIHorizontalLayout.obj
C:\Users\Administrator\Desktop\DUI\duiVS2012\DuiLib\Build\Release_u\UILabel.obj
C:\Users\Administrator\Desktop\DUI\duiVS2012\DuiLib\Build\Release_u\UIlib.obj
C:\Users\Administrator\Desktop\DUI\duiVS2012\DuiLib\Build\Release_u\UIList.obj
C:\Users\Administrator\Desktop\DUI\duiVS2012\DuiLib\Build\Release_u\UIManager.obj
C:\Users\Administrator\Desktop\DUI\duiVS2012\DuiLib\Build\Release_u\UIMarkup.obj
C:\Users\Administrator\Desktop\DUI\duiVS2012\DuiLib\Build\Release_u\UIOption.obj
C:\Users\Administrator\Desktop\DUI\duiVS2012\DuiLib\Build\Release_u\UIProgress.obj
C:\Users\Administrator\Desktop\DUI\duiVS2012\DuiLib\Build\Release_u\UIRender.obj
C:\Users\Administrator\Desktop\DUI\duiVS2012\DuiLib\Build\Release_u\UIRichEdit.obj
C:\Users\Administrator\Desktop\DUI\duiVS2012\DuiLib\Build\Release_u\UIScrollBar.obj
C:\Users\Administrator\Desktop\DUI\duiVS2012\DuiLib\Build\Release_u\UISlider.obj
C:\Users\Administrator\Desktop\DUI\duiVS2012\DuiLib\Build\Release_u\UITabLayout.obj
C:\Users\Administrator\Desktop\DUI\duiVS2012\DuiLib\Build\Release_u\UIText.obj
C:\Users\Administrator\Desktop\DUI\duiVS2012\DuiLib\Build\Release_u\UITileLayout.obj
C:\Users\Administrator\Desktop\DUI\duiVS2012\DuiLib\Build\Release_u\UITreeView.obj
C:\Users\Administrator\Desktop\DUI\duiVS2012\DuiLib\Build\Release_u\UIVerticalLayout.obj
C:\Users\Administrator\Desktop\DUI\duiVS2012\DuiLib\Build\Release_u\UIWebBrowser.obj
C:\Users\Administrator\Desktop\DUI\duiVS2012\DuiLib\Build\Release_u\Utils.obj
C:\Users\Administrator\Desktop\DUI\duiVS2012\DuiLib\Build\Release_u\WinImplBase.obj
C:\Users\Administrator\Desktop\DUI\duiVS2012\DuiLib\Build\Release_u\XUnzip.obj
C:\Users\Administrator\Desktop\DUI\duiVS2012\DuiLib\Build\Release_u\flash11.tlh
C:\Users\Administrator\Desktop\DUI\duiVS2012\DuiLib\Build\Release_u\cl.command.1.tlog
C:\Users\Administrator\Desktop\DUI\duiVS2012\DuiLib\Build\Release_u\CL.read.1.tlog
C:\Users\Administrator\Desktop\DUI\duiVS2012\DuiLib\Build\Release_u\CL.write.1.tlog
C:\Users\Administrator\Desktop\DUI\duiVS2012\DuiLib\Build\Release_u\DuiLib.write.1.tlog
C:\Users\Administrator\Desktop\DUI\duiVS2012\DuiLib\Build\Release_u\link.command.1.tlog
C:\Users\Administrator\Desktop\DUI\duiVS2012\DuiLib\Build\Release_u\link.read.1.tlog
C:\Users\Administrator\Desktop\DUI\duiVS2012\DuiLib\Build\Release_u\link.write.1.tlog
C:\Users\Administrator\Desktop\DUI\duiVS2012\DuiLib\Build\Release_u\DuiLib.pch
C:\Users\Administrator\Desktop\DUI\duiVS2012\DuiLib\Build\Release_u\vc110.pdb
C:\Users\Administrator\Desktop\DUI\duiVS2012\DuiLib\..\bin\DuiLib_u.dll
